Hmm ... looks like a package
Converting parsed Rd's to LaTeX .
Creating pdf output from LaTeX ...
Error in texi2dvi(file = file, pdf = TRUE, clean = clean, quiet = quiet,  : 
  Running 'texi2dvi' on 'Rd2.tex' failed.
Messages:
/usr/bin/texi2dvi: makeindex failed
Output:
This is pdfTeX, Version 3.141592653-2.6-1.40.25 (TeX Live 2023) (preloaded format=pdflatex)
 restricted \write18 enabled.
entering extended mode
LaTeX2e <2023-06-01> patch level 1
L3 programming layer <2023-10-10>
(./Rd2.tex
(/home/aburtolab/.TinyTeX/texmf-dist/tex/latex/base/book.cls
Document Class: book 2023/05/17 v1.4n Standard LaTeX document class
(/home/aburtolab/.TinyTeX/texmf-dist/tex/latex/base/bk10.clo)) (/usr/share/R/share/texmf/tex/latex/Rd.sty (/home/aburtolab/.TinyTeX/texmf-dist/tex/latex/base/ifthen.sty) (/home/aburtolab/.TinyTeX/texmf-dist/tex/generic/iftex/iftex.sty) (/home/aburtolab/.TinyTeX/texmf-dist/tex/latex/tools/longtable.sty) (/home/aburtolab/.TinyTeX/texmf-dist/tex/latex/tools/bm.sty) (/home/aburtolab/.TinyTeX/texmf-dist/tex/latex/base/alltt.sty) (/home/aburtolab/.TinyTeX/texmf-dist/tex/latex/tools/verbatim.sty) (/home/aburtolab/.TinyTeX/texmf-dist/tex/latex/url/url.sty) (/home/aburtolab/.TinyTeX/texmf-dist/tex/latex/base/textcomp.sty) (/home/aburtolab/.TinyTeX/texmf-dist/tex/latex/amsmath/amsmath.sty
For additional information on amsmath, use the `?' option.
(/home/aburtolab/.TinyTeX/texmf-dist/tex/latex/amsmath/amstext.sty (/home/aburtolab/.TinyTeX/texmf-dist/tex/latex/amsmath/amsgen.sty)) (/home/aburtolab/.TinyTeX/texmf-dist/tex/latex/amsmath/amsbsy.sty) (/home/aburtolab/.TinyTeX/texmf-dist/tex/latex/amsmath/amsopn.sty)) (/home/aburtolab/.TinyTeX/texmf-dist/tex/latex/amsfonts/amsfonts.sty) (/home/aburtolab/.TinyTeX/texmf-dist/tex/latex/amsfonts/amssymb.sty) (/home/aburtolab/.TinyTeX/texmf-dist/tex/latex/amsfonts/eucal.sty) (/home/aburtolab/.TinyTeX/texmf-dist/tex/latex/base/fontenc.sty) (/home/aburtolab/.TinyTeX/texmf-dist/tex/latex/psnfss/times.sty) (/home/aburtolab/.TinyTeX/texmf-dist/tex/latex/inconsolata/zi4.sty `inconsolata-zi4' v1.12, 2019/05/17 Text macros for Inconsolata (msharpe) (/home/aburtolab/.TinyTeX/texmf-dist/tex/latex/xkeyval/xkeyval.sty (/home/aburtolab/.TinyTeX/texmf-dist/tex/generic/xkeyval/xkeyval.tex (/home/aburtolab/.TinyTeX/texmf-dist/tex/generic/xkeyval/xkvutils.tex (/home/aburtolab/.TinyTeX/texmf-dist/tex/generic/xkeyval/keyval.tex))))) (/home/aburtolab/.TinyTeX/texmf-dist/tex/latex/graphics/color.sty (/home/aburtolab/.TinyTeX/texmf-dist/tex/latex/graphics-cfg/color.cfg) (/home/aburtolab/.TinyTeX/texmf-dist/tex/latex/graphics-def/pdftex.def) (/home/aburtolab/.TinyTeX/texmf-dist/tex/latex/graphics/mathcolor.ltx)) (/home/aburtolab/.TinyTeX/texmf-dist/tex/latex/hyperref/hyperref.sty (/home/aburtolab/.TinyTeX/texmf-dist/tex/generic/ltxcmds/ltxcmds.sty) (/home/aburtolab/.TinyTeX/texmf-dist/tex/generic/pdftexcmds/pdftexcmds.sty (/home/aburtolab/.TinyTeX/texmf-dist/tex/generic/infwarerr/infwarerr.sty)) (/home/aburtolab/.TinyTeX/texmf-dist/tex/latex/kvsetkeys/kvsetkeys.sty) (/home/aburtolab/.TinyTeX/texmf-dist/tex/generic/kvdefinekeys/kvdefinekeys.sty) (/home/aburtolab/.TinyTeX/texmf-dist/tex/generic/pdfescape/pdfescape.sty) (/home/aburtolab/.TinyTeX/texmf-dist/tex/latex/hycolor/hycolor.sty) (/home/aburtolab/.TinyTeX/texmf-dist/tex/latex/letltxmacro/letltxmacro.sty) (/home/aburtolab/.TinyTeX/texmf-dist/tex/latex/auxhook/auxhook.sty) (/home/aburtolab/.TinyTeX/texmf-dist/tex/latex/hyperref/nameref.sty (/home/aburtolab/.TinyTeX/texmf-dist/tex/latex/refcount/refcount.sty) (/home/aburtolab/.TinyTeX/texmf-dist/tex/generic/gettitlestring/gettitlestring.sty (/home/aburtolab/.TinyTeX/texmf-dist/tex/latex/kvoptions/kvoptions.sty))) (/home/aburtolab/.TinyTeX/texmf-dist/tex/latex/etoolbox/etoolbox.sty) (/home/aburtolab/.TinyTeX/texmf-dist/tex/latex/hyperref/pd1enc.def) (/home/aburtolab/.TinyTeX/texmf-dist/tex/generic/intcalc/intcalc.sty) (/home/aburtolab/.TinyTeX/texmf-dist/tex/latex/hyperref/puenc.def) (/home/aburtolab/.TinyTeX/texmf-dist/tex/generic/bitset/bitset.sty (/home/aburtolab/.TinyTeX/texmf-dist/tex/generic/bigintcalc/bigintcalc.sty)) (/home/aburtolab/.TinyTeX/texmf-dist/tex/latex/base/atbegshi-ltx.sty)) (/home/aburtolab/.TinyTeX/texmf-dist/tex/latex/hyperref/hpdftex.def (/home/aburtolab/.TinyTeX/texmf-dist/tex/latex/base/atveryend-ltx.sty) (/home/aburtolab/.TinyTeX/texmf-dist/tex/latex/rerunfilecheck/rerunfilecheck.sty (/home/aburtolab/.TinyTeX/texmf-dist/tex/generic/uniquecounter/uniquecounter.sty)))) (/home/aburtolab/.TinyTeX/texmf-dist/tex/latex/base/makeidx.sty)
Writing index file Rd2.idx
(/home/aburtolab/.TinyTeX/texmf-dist/tex/latex/psnfss/t1ptm.fd) (/home/aburtolab/.TinyTeX/texmf-dist/tex/latex/l3backend/l3backend-pdftex.def) (/tmp/Rtmp8JnfRr/Rd2pdf19cb5318e59742/Rd2.aux) (/tmp/Rtmp8JnfRr/Rd2pdf19cb5318e59742/Rd2.out) (/tmp/Rtmp8JnfRr/Rd2pdf19cb5318e59742/Rd2.out) (/home/aburtolab/.TinyTeX/texmf-dist/tex/latex/inconsolata/t1zi4.fd) (/home/aburtolab/.TinyTeX/texmf-dist/tex/latex/amsfonts/umsa.fd) (/home/aburtolab/.TinyTeX/texmf-dist/tex/latex/amsfonts/umsb.fd) (/tmp/Rtmp8JnfRr/Rd2pdf19cb5318e59742/Rd2.toc [1{/home/aburtolab/.TinyTeX/texmf-var/fonts/map/pdftex/updmap/pdftex.map}{/home/aburtolab/.TinyTeX/texmf-dist/fonts/enc/dvips/base/8r.enc}{/home/aburtolab/.TinyTeX/texmf-dist/fonts/enc/dvips/inconsolata/i4-t1-0.enc}]) [2] [3] (/home/aburtolab/.TinyTeX/texmf-dist/tex/latex/psnfss/ts1ptm.fd) [4] [5] [6] [7] [8] [9] [10] [11]
No file Rd2.ind.
[12] (/tmp/Rtmp8JnfRr/Rd2pdf19cb5318e59742/Rd2.aux) )</home/aburtolab/.TinyTeX/texmf-dist/fonts/type1/public/inconsolata/Inconsolata-zi4r.pfb></home/aburtolab/.TinyTeX/texmf-dist/fonts/type1/urw/times/utmb8a.pfb></home/aburtolab/.TinyTeX/texmf-dist/fonts/type1/urw/times/utmr8a.pfb></home/aburtolab/.TinyTeX/texmf-dist/fonts/type1/urw/times/utmr8a.pfb></home/aburtolab/.TinyTeX/texmf-dist/fonts/type1/urw/times/utmri8a.pfb>
Output written on Rd2.pdf (12 pages, 96110 bytes).
Transcript written on Rd2.log.
/usr/bin/texi2dvi: 366: makeindex: not found

This is pdfTeX, Version 3.141592653-2.6-1.40.25 (TeX Live 2023) (preloaded format=pdflatex)
 restricted \write18 enabled.
entering extended mode
LaTeX2e <2023-06-01> patch level 1
L3 programming layer <2023-10-10>
(./Rd2.tex
(/home/aburtolab/.TinyTeX/texmf-dist/tex/latex/base/book.cls
Document Class: book 2023/05/17 v1.4n Standard LaTeX document class
(/home/aburtolab/.TinyTeX/texmf-dist/tex/latex/base/bk10.clo)) (/usr/share/R/share/texmf/tex/latex/Rd.sty (/home/aburtolab/.TinyTeX/texmf-dist/tex/latex/base/ifthen.sty) (/home/aburtolab/.TinyTeX/texmf-dist/tex/generic/iftex/iftex.sty) (/home/aburtolab/.TinyTeX/texmf-dist/tex/latex/tools/longtable.sty) (/home/aburtolab/.TinyTeX/texmf-dist/tex/latex/tools/bm.sty) (/home/aburtolab/.TinyTeX/texmf-dist/tex/latex/base/alltt.sty) (/home/aburtolab/.TinyTeX/texmf-dist/tex/latex/tools/verbatim.sty) (/home/aburtolab/.TinyTeX/texmf-dist/tex/latex/url/url.sty) (/home/aburtolab/.TinyTeX/texmf-dist/tex/latex/base/textcomp.sty) (/home/aburtolab/.TinyTeX/texmf-dist/tex/latex/amsmath/amsmath.sty
For additional information on amsmath, use the `?' option.
(/home/aburtolab/.TinyTeX/texmf-dist/tex/latex/amsmath/amstext.sty (/home/aburtolab/.TinyTeX/texmf-dist/tex/latex/amsmath/amsgen.sty)) (/home/aburtolab/.TinyTeX/texmf-dist/tex/latex/amsmath/amsbsy.sty) (/home/aburtolab/.TinyTeX/texmf-dist/tex/latex/amsmath/amsopn.sty)) (/home/aburtolab/.TinyTeX/texmf-dist/tex/latex/amsfonts/amsfonts.sty) (/home/aburtolab/.TinyTeX/texmf-dist/tex/latex/amsfonts/amssymb.sty) (/home/aburtolab/.TinyTeX/texmf-dist/tex/latex/amsfonts/eucal.sty) (/home/aburtolab/.TinyTeX/texmf-dist/tex/latex/base/fontenc.sty) (/home/aburtolab/.TinyTeX/texmf-dist/tex/latex/psnfss/times.sty) (/home/aburtolab/.TinyTeX/texmf-dist/tex/latex/inconsolata/zi4.sty `inconsolata-zi4' v1.12, 2019/05/17 Text macros for Inconsolata (msharpe) (/home/aburtolab/.TinyTeX/texmf-dist/tex/latex/xkeyval/xkeyval.sty (/home/aburtolab/.TinyTeX/texmf-dist/tex/generic/xkeyval/xkeyval.tex (/home/aburtolab/.TinyTeX/texmf-dist/tex/generic/xkeyval/xkvutils.tex (/home/aburtolab/.TinyTeX/texmf-dist/tex/generic/xkeyval/keyval.tex))))) (/home/aburtolab/.TinyTeX/texmf-dist/tex/latex/graphics/color.sty (/home/aburtolab/.TinyTeX/texmf-dist/tex/latex/graphics-cfg/color.cfg) (/home/aburtolab/.TinyTeX/texmf-dist/tex/latex/graphics-def/pdftex.def) (/home/aburtolab/.TinyTeX/texmf-dist/tex/latex/graphics/mathcolor.ltx)) (/home/aburtolab/.TinyTeX/texmf-dist/tex/latex/hyperref/hyperref.sty (/home/aburtolab/.TinyTeX/texmf-dist/tex/generic/ltxcmds/ltxcmds.sty) (/home/aburtolab/.TinyTeX/texmf-dist/tex/generic/pdftexcmds/pdftexcmds.sty (/home/aburtolab/.TinyTeX/texmf-dist/tex/generic/infwarerr/infwarerr.sty)) (/home/aburtolab/.TinyTeX/texmf-dist/tex/latex/kvsetkeys/kvsetkeys.sty) (/home/aburtolab/.TinyTeX/texmf-dist/tex/generic/kvdefinekeys/kvdefinekeys.sty) (/home/aburtolab/.TinyTeX/texmf-dist/tex/generic/pdfescape/pdfescape.sty) (/home/aburtolab/.TinyTeX/texmf-dist/tex/latex/hycolor/hycolor.sty) (/home/aburtolab/.TinyTeX/texmf-dist/tex/latex/letltxmacro/letltxmacro.sty) (/home/aburtolab/.TinyTeX/texmf-dist/tex/latex/auxhook/auxhook.sty) (/home/aburtolab/.TinyTeX/texmf-dist/tex/latex/hyperref/nameref.sty (/home/aburtolab/.TinyTeX/texmf-dist/tex/latex/refcount/refcount.sty) (/home/aburtolab/.TinyTeX/texmf-dist/tex/generic/gettitlestring/gettitlestring.sty (/home/aburtolab/.TinyTeX/texmf-dist/tex/latex/kvoptions/kvoptions.sty))) (/home/aburtolab/.TinyTeX/texmf-dist/tex/latex/etoolbox/etoolbox.sty) (/home/aburtolab/.TinyTeX/texmf-dist/tex/latex/hyperref/pd1enc.def) (/home/aburtolab/.TinyTeX/texmf-dist/tex/generic/intcalc/intcalc.sty) (/home/aburtolab/.TinyTeX/texmf-dist/tex/latex/hyperref/puenc.def) (/home/aburtolab/.TinyTeX/texmf-dist/tex/generic/bitset/bitset.sty (/home/aburtolab/.TinyTeX/texmf-dist/tex/generic/bigintcalc/bigintcalc.sty)) (/home/aburtolab/.TinyTeX/texmf-dist/tex/latex/base/atbegshi-ltx.sty)) (/home/aburtolab/.TinyTeX/texmf-dist/tex/latex/hyperref/hpdftex.def (/home/aburtolab/.TinyTeX/texmf-dist/tex/latex/base/atveryend-ltx.sty) (/home/aburtolab/.TinyTeX/texmf-dist/tex/latex/rerunfilecheck/rerunfilecheck.sty (/home/aburtolab/.TinyTeX/texmf-dist/tex/generic/uniquecounter/uniquecounter.sty)))) (/home/aburtolab/.TinyTeX/texmf-dist/tex/latex/base/makeidx.sty)
Writing index file Rd2.idx
(/home/aburtolab/.TinyTeX/texmf-dist/tex/latex/psnfss/t1ptm.fd) (/home/aburtolab/.TinyTeX/texmf-dist/tex/latex/l3backend/l3backend-pdftex.def) (/tmp/Rtmp8JnfRr/Rd2pdf19cb5318e59742/Rd2.aux) (/tmp/Rtmp8JnfRr/Rd2pdf19cb5318e59742/Rd2.out) (/tmp/Rtmp8JnfRr/Rd2pdf19cb5318e59742/Rd2.out) (/home/aburtolab/.TinyTeX/texmf-dist/tex/latex/inconsolata/t1zi4.fd) (/home/aburtolab/.TinyTeX/texmf-dist/tex/latex/amsfonts/umsa.fd) (/home/aburtolab/.TinyTeX/texmf-dist/tex/latex/amsfonts/umsb.fd) (/tmp/Rtmp8JnfRr/Rd2pdf19cb5318e59742/Rd2.toc [1{/home/aburtolab/.TinyTeX/texmf-var/fonts/map/pdftex/updmap/pdftex.map}{/home/aburtolab/.TinyTeX/texmf-dist/fonts/enc/dvips/base/8r.enc}{/home/aburtolab/.TinyTeX/texmf-dist/fonts/enc/dvips/inconsolata/i4-t1-0.enc}]) [2] [3] (/home/aburtolab/.TinyTeX/texmf-dist/tex/latex/psnfss/ts1ptm.fd) [4] [5] [6] [7] [8] [9] [10] [11]
No file Rd2.ind.
[12] (/tmp/Rtmp8JnfRr/Rd2pdf19cb5318e59742/Rd2.aux) )</home/aburtolab/.TinyTeX/texmf-dist/fonts/type1/public/inconsolata/Inconsolata-zi4r.pfb></home/aburtolab/.TinyTeX/texmf-dist/fonts/type1/urw/times/utmb8a.pfb></home/aburtolab/.TinyTeX/texmf-dist/fonts/type1/urw/times/utmr8a.pfb></home/aburtolab/.TinyTeX/texmf-dist/fonts/type1/urw/times/utmr8a.pfb></home/aburtolab/.TinyTeX/texmf-dist/fonts/type1/urw/times/utmri8a.pfb>
Output written on Rd2.pdf (12 pages, 96110 bytes).
Transcript written on Rd2.log.
Saving output to ‘glscalibrator-manual.pdf’ ...
Done
You may want to clean up by 'rm -Rf /tmp/Rtmp8JnfRr/Rd2pdf19cb5318e59742'
